<?xml version="1.0" encoding="UTF-8"?>
<testsuite xmlns:xsi="http://www.w3.org/2001/XMLSchema-instance" xsi:noNamespaceSchemaLocation="https://maven.apache.org/surefire/maven-surefire-plugin/xsd/surefire-test-report-3.0.xsd" version="3.0" name="TestLogins.LoginTest" time="0.093" tests="14" errors="0" skipped="0" failures="0">
  <properties>
[...]
</properties>
  <testcase name="testPasswordFalse" classname="TestLogins.LoginTest" time="0.026"/>
  <testcase name="testPasswordCorrectMessage" classname="TestLogins.LoginTest" time="0.004"/>
  <testcase name="testCellPhoneIncorrectMessage" classname="TestLogins.LoginTest" time="0.002"/>
  <testcase name="testUsernameFalse" classname="TestLogins.LoginTest" time="0.002"/>
  <testcase name="testLoginSuccess" classname="TestLogins.LoginTest" time="0.001"/>
  <testcase name="testLoginFail" classname="TestLogins.LoginTest" time="0.001"/>
  <testcase name="testCellPhoneTrue" classname="TestLogins.LoginTest" time="0.001"/>
  <testcase name="testCellPhoneCorrectMessage" classname="TestLogins.LoginTest" time="0.001"/>
  <testcase name="testUsernameIncorrectMessage" classname="TestLogins.LoginTest" time="0.001"/>
  <testcase name="testPasswordIncorrectMessage" classname="TestLogins.LoginTest" time="0.001"/>
  <testcase name="testCellPhoneFalse" classname="TestLogins.LoginTest" time="0.001"/>
  <testcase name="testUsernameCorrectMessage" classname="TestLogins.LoginTest" time="0.001"/>
  <testcase name="testPasswordTrue" classname="TestLogins.LoginTest" time="0.006"/>
  <testcase name="testUsernameTrue" classname="TestLogins.LoginTest" time="0.001"/>
</testsuite>